ARM GAS  C:\Users\ktyang\AppData\Local\Temp\ccrAblWg.s 			page 1


   1              		.syntax unified
   2              		.cpu cortex-m3
   3              		.fpu softvfp
   4              		.eabi_attribute 20, 1
   5              		.eabi_attribute 21, 1
   6              		.eabi_attribute 23, 3
   7              		.eabi_attribute 24, 1
   8              		.eabi_attribute 25, 1
   9              		.eabi_attribute 26, 1
  10              		.eabi_attribute 30, 1
  11              		.eabi_attribute 34, 1
  12              		.eabi_attribute 18, 4
  13              		.thumb
  14              		.syntax unified
  15              		.file	"cymetadata.c"
  16              		.text
  17              	.Ltext0:
  18              		.cfi_sections	.debug_frame
  19              		.global	cy_metadata
  20              		.global	cy_meta_flashprotect
  21              		.global	cy_meta_wonvl
  22              		.global	cy_meta_custnvl
  23              		.global	cy_meta_configecc
  24              		.section	.cyconfigecc,"a",%progbits
  25              		.align	2
  26              		.type	cy_meta_configecc, %object
  27              		.size	cy_meta_configecc, 1344
  28              	cy_meta_configecc:
  29 0000 02       		.byte	2
  30 0001 4F       		.byte	79
  31 0002 00       		.byte	0
  32 0003 40       		.byte	64
  33 0004 04       		.byte	4
  34 0005 52       		.byte	82
  35 0006 00       		.byte	0
  36 0007 40       		.byte	64
  37 0008 04       		.byte	4
  38 0009 64       		.byte	100
  39 000a 00       		.byte	0
  40 000b 40       		.byte	64
  41 000c 01       		.byte	1
  42 000d 65       		.byte	101
  43 000e 00       		.byte	0
  44 000f 40       		.byte	64
  45 0010 01       		.byte	1
  46 0011 01       		.byte	1
  47 0012 01       		.byte	1
  48 0013 40       		.byte	64
  49 0014 04       		.byte	4
  50 0015 04       		.byte	4
  51 0016 01       		.byte	1
  52 0017 40       		.byte	64
  53 0018 02       		.byte	2
  54 0019 05       		.byte	5
  55 001a 01       		.byte	1
  56 001b 40       		.byte	64
  57 001c 02       		.byte	2
ARM GAS  C:\Users\ktyang\AppData\Local\Temp\ccrAblWg.s 			page 2


  58 001d 07       		.byte	7
  59 001e 01       		.byte	1
  60 001f 40       		.byte	64
  61 0020 05       		.byte	5
  62 0021 09       		.byte	9
  63 0022 01       		.byte	1
  64 0023 40       		.byte	64
  65 0024 56       		.byte	86
  66 0025 0A       		.byte	10
  67 0026 01       		.byte	1
  68 0027 40       		.byte	64
  69 0028 39       		.byte	57
  70 0029 0B       		.byte	11
  71 002a 01       		.byte	1
  72 002b 40       		.byte	64
  73 002c 45       		.byte	69
  74 002d 0C       		.byte	12
  75 002e 01       		.byte	1
  76 002f 40       		.byte	64
  77 0030 3F       		.byte	63
  78 0031 0D       		.byte	13
  79 0032 01       		.byte	1
  80 0033 40       		.byte	64
  81 0034 18       		.byte	24
  82 0035 0E       		.byte	14
  83 0036 01       		.byte	1
  84 0037 40       		.byte	64
  85 0038 33       		.byte	51
  86 0039 0F       		.byte	15
  87 003a 01       		.byte	1
  88 003b 40       		.byte	64
  89 003c 41       		.byte	65
  90 003d 14       		.byte	20
  91 003e 01       		.byte	1
  92 003f 40       		.byte	64
  93 0040 28       		.byte	40
  94 0041 15       		.byte	21
  95 0042 01       		.byte	1
  96 0043 40       		.byte	64
  97 0044 01       		.byte	1
  98 0045 17       		.byte	23
  99 0046 01       		.byte	1
 100 0047 40       		.byte	64
 101 0048 01       		.byte	1
 102 0049 19       		.byte	25
 103 004a 01       		.byte	1
 104 004b 40       		.byte	64
 105 004c 03       		.byte	3
 106 004d 1B       		.byte	27
 107 004e 01       		.byte	1
 108 004f 40       		.byte	64
 109 0050 06       		.byte	6
 110 0051 40       		.byte	64
 111 0052 01       		.byte	1
 112 0053 40       		.byte	64
 113 0054 01       		.byte	1
 114 0055 41       		.byte	65
ARM GAS  C:\Users\ktyang\AppData\Local\Temp\ccrAblWg.s 			page 3


 115 0056 01       		.byte	1
 116 0057 40       		.byte	64
 117 0058 05       		.byte	5
 118 0059 42       		.byte	66
 119 005a 01       		.byte	1
 120 005b 40       		.byte	64
 121 005c 02       		.byte	2
 122 005d 43       		.byte	67
 123 005e 01       		.byte	1
 124 005f 40       		.byte	64
 125 0060 04       		.byte	4
 126 0061 44       		.byte	68
 127 0062 01       		.byte	1
 128 0063 40       		.byte	64
 129 0064 03       		.byte	3
 130 0065 45       		.byte	69
 131 0066 01       		.byte	1
 132 0067 40       		.byte	64
 133 0068 01       		.byte	1
 134 0069 46       		.byte	70
 135 006a 01       		.byte	1
 136 006b 40       		.byte	64
 137 006c 02       		.byte	2
 138 006d 47       		.byte	71
 139 006e 01       		.byte	1
 140 006f 40       		.byte	64
 141 0070 03       		.byte	3
 142 0071 48       		.byte	72
 143 0072 01       		.byte	1
 144 0073 40       		.byte	64
 145 0074 03       		.byte	3
 146 0075 49       		.byte	73
 147 0076 01       		.byte	1
 148 0077 40       		.byte	64
 149 0078 09       		.byte	9
 150 0079 50       		.byte	80
 151 007a 01       		.byte	1
 152 007b 40       		.byte	64
 153 007c 01       		.byte	1
 154 007d 51       		.byte	81
 155 007e 01       		.byte	1
 156 007f 40       		.byte	64
 157 0080 01       		.byte	1
 158 0081 80       		.byte	-128
 159 0082 0A       		.byte	10
 160 0083 4B       		.byte	75
 161 0084 18       		.byte	24
 162 0085 02       		.byte	2
 163 0086 21       		.byte	33
 164 0087 02       		.byte	2
 165 0088 30       		.byte	48
 166 0089 40       		.byte	64
 167 008a 34       		.byte	52
 168 008b 01       		.byte	1
 169 008c 8A       		.byte	-118
 170 008d 0F       		.byte	15
 171 008e 8B       		.byte	-117
ARM GAS  C:\Users\ktyang\AppData\Local\Temp\ccrAblWg.s 			page 4


 172 008f 0D       		.byte	13
 173 0090 8C       		.byte	-116
 174 0091 72       		.byte	114
 175 0092 8F       		.byte	-113
 176 0093 38       		.byte	56
 177 0094 85       		.byte	-123
 178 0095 0D       		.byte	13
 179 0096 E6       		.byte	-26
 180 0097 04       		.byte	4
 181 0098 B8       		.byte	-72
 182 0099 02       		.byte	2
 183 009a BE       		.byte	-66
 184 009b 01       		.byte	1
 185 009c D8       		.byte	-40
 186 009d 04       		.byte	4
 187 009e DF       		.byte	-33
 188 009f 01       		.byte	1
 189 00a0 1F       		.byte	31
 190 00a1 02       		.byte	2
 191 00a2 EA       		.byte	-22
 192 00a3 10       		.byte	16
 193 00a4 B3       		.byte	-77
 194 00a5 02       		.byte	2
 195 00a6 EE       		.byte	-18
 196 00a7 80       		.byte	-128
 197 00a8 97       		.byte	-105
 198 00a9 20       		.byte	32
 199 00aa B0       		.byte	-80
 200 00ab 04       		.byte	4
 201 00ac B1       		.byte	-79
 202 00ad 14       		.byte	20
 203 00ae B2       		.byte	-78
 204 00af 01       		.byte	1
 205 00b0 B3       		.byte	-77
 206 00b1 01       		.byte	1
 207 00b2 04       		.byte	4
 208 00b3 30       		.byte	48
 209 00b4 06       		.byte	6
 210 00b5 0C       		.byte	12
 211 00b6 09       		.byte	9
 212 00b7 01       		.byte	1
 213 00b8 0C       		.byte	12
 214 00b9 2C       		.byte	44
 215 00ba 0E       		.byte	14
 216 00bb 11       		.byte	17
 217 00bc 10       		.byte	16
 218 00bd 1C       		.byte	28
 219 00be 12       		.byte	18
 220 00bf 22       		.byte	34
 221 00c0 14       		.byte	20
 222 00c1 09       		.byte	9
 223 00c2 16       		.byte	22
 224 00c3 10       		.byte	16
 225 00c4 19       		.byte	25
 226 00c5 02       		.byte	2
 227 00c6 1A       		.byte	26
 228 00c7 03       		.byte	3
ARM GAS  C:\Users\ktyang\AppData\Local\Temp\ccrAblWg.s 			page 5


 229 00c8 1E       		.byte	30
 230 00c9 20       		.byte	32
 231 00ca 20       		.byte	32
 232 00cb 10       		.byte	16
 233 00cc 26       		.byte	38
 234 00cd 20       		.byte	32
 235 00ce 28       		.byte	40
 236 00cf 14       		.byte	20
 237 00d0 33       		.byte	51
 238 00d1 01       		.byte	1
 239 00d2 34       		.byte	52
 240 00d3 1F       		.byte	31
 241 00d4 35       		.byte	53
 242 00d5 02       		.byte	2
 243 00d6 36       		.byte	54
 244 00d7 20       		.byte	32
 245 00d8 3E       		.byte	62
 246 00d9 40       		.byte	64
 247 00da 3F       		.byte	63
 248 00db 14       		.byte	20
 249 00dc 40       		.byte	64
 250 00dd 23       		.byte	35
 251 00de 41       		.byte	65
 252 00df 04       		.byte	4
 253 00e0 45       		.byte	69
 254 00e1 0C       		.byte	12
 255 00e2 46       		.byte	70
 256 00e3 E0       		.byte	-32
 257 00e4 47       		.byte	71
 258 00e5 0B       		.byte	11
 259 00e6 48       		.byte	72
 260 00e7 19       		.byte	25
 261 00e8 49       		.byte	73
 262 00e9 FF       		.byte	-1
 263 00ea 4A       		.byte	74
 264 00eb FF       		.byte	-1
 265 00ec 4B       		.byte	75
 266 00ed FF       		.byte	-1
 267 00ee 4E       		.byte	78
 268 00ef F0       		.byte	-16
 269 00f0 4F       		.byte	79
 270 00f1 44       		.byte	68
 271 00f2 50       		.byte	80
 272 00f3 0C       		.byte	12
 273 00f4 54       		.byte	84
 274 00f5 01       		.byte	1
 275 00f6 58       		.byte	88
 276 00f7 04       		.byte	4
 277 00f8 59       		.byte	89
 278 00f9 04       		.byte	4
 279 00fa 5A       		.byte	90
 280 00fb 04       		.byte	4
 281 00fc 5B       		.byte	91
 282 00fd 04       		.byte	4
 283 00fe 5C       		.byte	92
 284 00ff 01       		.byte	1
 285 0100 5D       		.byte	93
ARM GAS  C:\Users\ktyang\AppData\Local\Temp\ccrAblWg.s 			page 6


 286 0101 11       		.byte	17
 287 0102 5F       		.byte	95
 288 0103 01       		.byte	1
 289 0104 66       		.byte	102
 290 0105 C0       		.byte	-64
 291 0106 6A       		.byte	106
 292 0107 40       		.byte	64
 293 0108 6B       		.byte	107
 294 0109 02       		.byte	2
 295 010a 83       		.byte	-125
 296 010b 01       		.byte	1
 297 010c 87       		.byte	-121
 298 010d 0E       		.byte	14
 299 010e 95       		.byte	-107
 300 010f 08       		.byte	8
 301 0110 9A       		.byte	-102
 302 0111 01       		.byte	1
 303 0112 9B       		.byte	-101
 304 0113 02       		.byte	2
 305 0114 AA       		.byte	-86
 306 0115 01       		.byte	1
 307 0116 B1       		.byte	-79
 308 0117 02       		.byte	2
 309 0118 B3       		.byte	-77
 310 0119 01       		.byte	1
 311 011a B4       		.byte	-76
 312 011b 01       		.byte	1
 313 011c B5       		.byte	-75
 314 011d 04       		.byte	4
 315 011e B7       		.byte	-73
 316 011f 08       		.byte	8
 317 0120 BE       		.byte	-66
 318 0121 10       		.byte	16
 319 0122 C0       		.byte	-64
 320 0123 20       		.byte	32
 321 0124 C1       		.byte	-63
 322 0125 06       		.byte	6
 323 0126 C5       		.byte	-59
 324 0127 D2       		.byte	-46
 325 0128 C6       		.byte	-58
 326 0129 20       		.byte	32
 327 012a C7       		.byte	-57
 328 012b 01       		.byte	1
 329 012c C8       		.byte	-56
 330 012d 1B       		.byte	27
 331 012e C9       		.byte	-55
 332 012f FF       		.byte	-1
 333 0130 CA       		.byte	-54
 334 0131 FF       		.byte	-1
 335 0132 CB       		.byte	-53
 336 0133 FF       		.byte	-1
 337 0134 CD       		.byte	-51
 338 0135 A0       		.byte	-96
 339 0136 CF       		.byte	-49
 340 0137 04       		.byte	4
 341 0138 D0       		.byte	-48
 342 0139 18       		.byte	24
ARM GAS  C:\Users\ktyang\AppData\Local\Temp\ccrAblWg.s 			page 7


 343 013a D2       		.byte	-46
 344 013b 80       		.byte	-128
 345 013c D4       		.byte	-44
 346 013d 05       		.byte	5
 347 013e D8       		.byte	-40
 348 013f 04       		.byte	4
 349 0140 D9       		.byte	-39
 350 0141 0A       		.byte	10
 351 0142 DA       		.byte	-38
 352 0143 0A       		.byte	10
 353 0144 DB       		.byte	-37
 354 0145 0A       		.byte	10
 355 0146 DC       		.byte	-36
 356 0147 90       		.byte	-112
 357 0148 DD       		.byte	-35
 358 0149 99       		.byte	-103
 359 014a DF       		.byte	-33
 360 014b 01       		.byte	1
 361 014c E0       		.byte	-32
 362 014d 40       		.byte	64
 363 014e E2       		.byte	-30
 364 014f C0       		.byte	-64
 365 0150 E4       		.byte	-28
 366 0151 40       		.byte	64
 367 0152 E5       		.byte	-27
 368 0153 40       		.byte	64
 369 0154 E6       		.byte	-26
 370 0155 C0       		.byte	-64
 371 0156 E8       		.byte	-24
 372 0157 C0       		.byte	-64
 373 0158 EA       		.byte	-22
 374 0159 C0       		.byte	-64
 375 015a EC       		.byte	-20
 376 015b C0       		.byte	-64
 377 015c EE       		.byte	-18
 378 015d C0       		.byte	-64
 379 015e 00       		.byte	0
 380 015f 44       		.byte	68
 381 0160 01       		.byte	1
 382 0161 80       		.byte	-128
 383 0162 09       		.byte	9
 384 0163 08       		.byte	8
 385 0164 0A       		.byte	10
 386 0165 85       		.byte	-123
 387 0166 0F       		.byte	15
 388 0167 08       		.byte	8
 389 0168 10       		.byte	16
 390 0169 B8       		.byte	-72
 391 016a 17       		.byte	23
 392 016b 20       		.byte	32
 393 016c 19       		.byte	25
 394 016d 40       		.byte	64
 395 016e 1A       		.byte	26
 396 016f 04       		.byte	4
 397 0170 1B       		.byte	27
 398 0171 20       		.byte	32
 399 0172 1E       		.byte	30
ARM GAS  C:\Users\ktyang\AppData\Local\Temp\ccrAblWg.s 			page 8


 400 0173 08       		.byte	8
 401 0174 20       		.byte	32
 402 0175 08       		.byte	8
 403 0176 22       		.byte	34
 404 0177 04       		.byte	4
 405 0178 26       		.byte	38
 406 0179 40       		.byte	64
 407 017a 27       		.byte	39
 408 017b 68       		.byte	104
 409 017c 33       		.byte	51
 410 017d 20       		.byte	32
 411 017e 37       		.byte	55
 412 017f 28       		.byte	40
 413 0180 38       		.byte	56
 414 0181 20       		.byte	32
 415 0182 3C       		.byte	60
 416 0183 02       		.byte	2
 417 0184 3E       		.byte	62
 418 0185 08       		.byte	8
 419 0186 40       		.byte	64
 420 0187 44       		.byte	68
 421 0188 41       		.byte	65
 422 0189 04       		.byte	4
 423 018a 47       		.byte	71
 424 018b 20       		.byte	32
 425 018c 48       		.byte	72
 426 018d 20       		.byte	32
 427 018e 4B       		.byte	75
 428 018f 04       		.byte	4
 429 0190 4F       		.byte	79
 430 0191 29       		.byte	41
 431 0192 50       		.byte	80
 432 0193 18       		.byte	24
 433 0194 51       		.byte	81
 434 0195 10       		.byte	16
 435 0196 56       		.byte	86
 436 0197 08       		.byte	8
 437 0198 57       		.byte	87
 438 0199 10       		.byte	16
 439 019a 58       		.byte	88
 440 019b 10       		.byte	16
 441 019c 59       		.byte	89
 442 019d 40       		.byte	64
 443 019e 5A       		.byte	90
 444 019f 08       		.byte	8
 445 01a0 5B       		.byte	91
 446 01a1 01       		.byte	1
 447 01a2 5E       		.byte	94
 448 01a3 88       		.byte	-120
 449 01a4 5F       		.byte	95
 450 01a5 01       		.byte	1
 451 01a6 74       		.byte	116
 452 01a7 01       		.byte	1
 453 01a8 7F       		.byte	127
 454 01a9 10       		.byte	16
 455 01aa 90       		.byte	-112
 456 01ab 04       		.byte	4
ARM GAS  C:\Users\ktyang\AppData\Local\Temp\ccrAblWg.s 			page 9


 457 01ac 91       		.byte	-111
 458 01ad 08       		.byte	8
 459 01ae 92       		.byte	-110
 460 01af 80       		.byte	-128
 461 01b0 97       		.byte	-105
 462 01b1 04       		.byte	4
 463 01b2 99       		.byte	-103
 464 01b3 80       		.byte	-128
 465 01b4 9F       		.byte	-97
 466 01b5 40       		.byte	64
 467 01b6 A0       		.byte	-96
 468 01b7 80       		.byte	-128
 469 01b8 A1       		.byte	-95
 470 01b9 08       		.byte	8
 471 01ba B7       		.byte	-73
 472 01bb 40       		.byte	64
 473 01bc C0       		.byte	-64
 474 01bd 05       		.byte	5
 475 01be C2       		.byte	-62
 476 01bf 4F       		.byte	79
 477 01c0 C4       		.byte	-60
 478 01c1 4E       		.byte	78
 479 01c2 CC       		.byte	-52
 480 01c3 64       		.byte	100
 481 01c4 CE       		.byte	-50
 482 01c5 C4       		.byte	-60
 483 01c6 D0       		.byte	-48
 484 01c7 27       		.byte	39
 485 01c8 D2       		.byte	-46
 486 01c9 20       		.byte	32
 487 01ca D6       		.byte	-42
 488 01cb DF       		.byte	-33
 489 01cc DE       		.byte	-34
 490 01cd 40       		.byte	64
 491 01ce EA       		.byte	-22
 492 01cf 10       		.byte	16
 493 01d0 02       		.byte	2
 494 01d1 40       		.byte	64
 495 01d2 04       		.byte	4
 496 01d3 41       		.byte	65
 497 01d4 05       		.byte	5
 498 01d5 04       		.byte	4
 499 01d6 08       		.byte	8
 500 01d7 03       		.byte	3
 501 01d8 09       		.byte	9
 502 01d9 0F       		.byte	15
 503 01da 0C       		.byte	12
 504 01db 08       		.byte	8
 505 01dc 0F       		.byte	15
 506 01dd 02       		.byte	2
 507 01de 10       		.byte	16
 508 01df 4F       		.byte	79
 509 01e0 11       		.byte	17
 510 01e1 08       		.byte	8
 511 01e2 12       		.byte	18
 512 01e3 90       		.byte	-112
 513 01e4 14       		.byte	20
ARM GAS  C:\Users\ktyang\AppData\Local\Temp\ccrAblWg.s 			page 10


 514 01e5 4C       		.byte	76
 515 01e6 16       		.byte	22
 516 01e7 A3       		.byte	-93
 517 01e8 18       		.byte	24
 518 01e9 F3       		.byte	-13
 519 01ea 19       		.byte	25
 520 01eb 0C       		.byte	12
 521 01ec 1A       		.byte	26
 522 01ed 0C       		.byte	12
 523 01ee 1C       		.byte	28
 524 01ef 02       		.byte	2
 525 01f0 22       		.byte	34
 526 01f1 B3       		.byte	-77
 527 01f2 24       		.byte	36
 528 01f3 04       		.byte	4
 529 01f4 25       		.byte	37
 530 01f5 03       		.byte	3
 531 01f6 27       		.byte	39
 532 01f7 0C       		.byte	12
 533 01f8 28       		.byte	40
 534 01f9 0C       		.byte	12
 535 01fa 29       		.byte	41
 536 01fb 0F       		.byte	15
 537 01fc 2C       		.byte	44
 538 01fd FF       		.byte	-1
 539 01fe 2D       		.byte	45
 540 01ff 0D       		.byte	13
 541 0200 2F       		.byte	47
 542 0201 02       		.byte	2
 543 0202 30       		.byte	48
 544 0203 8C       		.byte	-116
 545 0204 32       		.byte	50
 546 0205 7C       		.byte	124
 547 0206 34       		.byte	52
 548 0207 0F       		.byte	15
 549 0208 35       		.byte	53
 550 0209 01       		.byte	1
 551 020a 37       		.byte	55
 552 020b 0E       		.byte	14
 553 020c 3A       		.byte	58
 554 020d 2A       		.byte	42
 555 020e 3F       		.byte	63
 556 020f 10       		.byte	16
 557 0210 56       		.byte	86
 558 0211 02       		.byte	2
 559 0212 57       		.byte	87
 560 0213 11       		.byte	17
 561 0214 58       		.byte	88
 562 0215 04       		.byte	4
 563 0216 59       		.byte	89
 564 0217 04       		.byte	4
 565 0218 5B       		.byte	91
 566 0219 04       		.byte	4
 567 021a 5C       		.byte	92
 568 021b 11       		.byte	17
 569 021c 5D       		.byte	93
 570 021d 10       		.byte	16
ARM GAS  C:\Users\ktyang\AppData\Local\Temp\ccrAblWg.s 			page 11


 571 021e 5F       		.byte	95
 572 021f 01       		.byte	1
 573 0220 84       		.byte	-124
 574 0221 13       		.byte	19
 575 0222 85       		.byte	-123
 576 0223 08       		.byte	8
 577 0224 86       		.byte	-122
 578 0225 6C       		.byte	108
 579 0226 87       		.byte	-121
 580 0227 01       		.byte	1
 581 0228 8C       		.byte	-116
 582 0229 13       		.byte	19
 583 022a 8E       		.byte	-114
 584 022b E4       		.byte	-28
 585 022c 90       		.byte	-112
 586 022d CA       		.byte	-54
 587 022e 92       		.byte	-110
 588 022f 34       		.byte	52
 589 0230 96       		.byte	-106
 590 0231 C8       		.byte	-56
 591 0232 98       		.byte	-104
 592 0233 03       		.byte	3
 593 0234 9A       		.byte	-102
 594 0235 04       		.byte	4
 595 0236 9D       		.byte	-99
 596 0237 02       		.byte	2
 597 0238 9F       		.byte	-97
 598 0239 04       		.byte	4
 599 023a A2       		.byte	-94
 600 023b 80       		.byte	-128
 601 023c A9       		.byte	-87
 602 023d 07       		.byte	7
 603 023e AA       		.byte	-86
 604 023f 35       		.byte	53
 605 0240 AD       		.byte	-83
 606 0241 07       		.byte	7
 607 0242 B0       		.byte	-80
 608 0243 F0       		.byte	-16
 609 0244 B3       		.byte	-77
 610 0245 0C       		.byte	12
 611 0246 B4       		.byte	-76
 612 0247 0F       		.byte	15
 613 0248 B6       		.byte	-74
 614 0249 A8       		.byte	-88
 615 024a B7       		.byte	-73
 616 024b 03       		.byte	3
 617 024c B9       		.byte	-71
 618 024d 88       		.byte	-120
 619 024e BA       		.byte	-70
 620 024f A2       		.byte	-94
 621 0250 BF       		.byte	-65
 622 0251 40       		.byte	64
 623 0252 D8       		.byte	-40
 624 0253 04       		.byte	4
 625 0254 D9       		.byte	-39
 626 0255 04       		.byte	4
 627 0256 DC       		.byte	-36
ARM GAS  C:\Users\ktyang\AppData\Local\Temp\ccrAblWg.s 			page 12


 628 0257 11       		.byte	17
 629 0258 DF       		.byte	-33
 630 0259 01       		.byte	1
 631 025a 00       		.byte	0
 632 025b 04       		.byte	4
 633 025c 01       		.byte	1
 634 025d 80       		.byte	-128
 635 025e 04       		.byte	4
 636 025f 02       		.byte	2
 637 0260 05       		.byte	5
 638 0261 18       		.byte	24
 639 0262 07       		.byte	7
 640 0263 01       		.byte	1
 641 0264 09       		.byte	9
 642 0265 08       		.byte	8
 643 0266 0A       		.byte	10
 644 0267 80       		.byte	-128
 645 0268 0B       		.byte	11
 646 0269 04       		.byte	4
 647 026a 0D       		.byte	13
 648 026b 60       		.byte	96
 649 026c 0E       		.byte	14
 650 026d 50       		.byte	80
 651 026e 10       		.byte	16
 652 026f 80       		.byte	-128
 653 0270 12       		.byte	18
 654 0271 04       		.byte	4
 655 0272 14       		.byte	20
 656 0273 01       		.byte	1
 657 0274 16       		.byte	22
 658 0275 80       		.byte	-128
 659 0276 17       		.byte	23
 660 0277 14       		.byte	20
 661 0278 18       		.byte	24
 662 0279 04       		.byte	4
 663 027a 19       		.byte	25
 664 027b A0       		.byte	-96
 665 027c 1A       		.byte	26
 666 027d 80       		.byte	-128
 667 027e 1D       		.byte	29
 668 027f 21       		.byte	33
 669 0280 1E       		.byte	30
 670 0281 50       		.byte	80
 671 0282 1F       		.byte	31
 672 0283 15       		.byte	21
 673 0284 20       		.byte	32
 674 0285 01       		.byte	1
 675 0286 21       		.byte	33
 676 0287 08       		.byte	8
 677 0288 26       		.byte	38
 678 0289 10       		.byte	16
 679 028a 27       		.byte	39
 680 028b 02       		.byte	2
 681 028c 29       		.byte	41
 682 028d A0       		.byte	-96
 683 028e 2F       		.byte	47
 684 028f 15       		.byte	21
ARM GAS  C:\Users\ktyang\AppData\Local\Temp\ccrAblWg.s 			page 13


 685 0290 32       		.byte	50
 686 0291 40       		.byte	64
 687 0292 37       		.byte	55
 688 0293 11       		.byte	17
 689 0294 38       		.byte	56
 690 0295 08       		.byte	8
 691 0296 39       		.byte	57
 692 0297 08       		.byte	8
 693 0298 3A       		.byte	58
 694 0299 04       		.byte	4
 695 029a 3E       		.byte	62
 696 029b 88       		.byte	-120
 697 029c 3F       		.byte	63
 698 029d 50       		.byte	80
 699 029e 5E       		.byte	94
 700 029f 20       		.byte	32
 701 02a0 6C       		.byte	108
 702 02a1 08       		.byte	8
 703 02a2 6D       		.byte	109
 704 02a3 44       		.byte	68
 705 02a4 76       		.byte	118
 706 02a5 08       		.byte	8
 707 02a6 77       		.byte	119
 708 02a7 15       		.byte	21
 709 02a8 90       		.byte	-112
 710 02a9 0A       		.byte	10
 711 02aa 91       		.byte	-111
 712 02ab 80       		.byte	-128
 713 02ac 93       		.byte	-109
 714 02ad 50       		.byte	80
 715 02ae 94       		.byte	-108
 716 02af 01       		.byte	1
 717 02b0 95       		.byte	-107
 718 02b1 44       		.byte	68
 719 02b2 96       		.byte	-106
 720 02b3 10       		.byte	16
 721 02b4 98       		.byte	-104
 722 02b5 01       		.byte	1
 723 02b6 99       		.byte	-103
 724 02b7 18       		.byte	24
 725 02b8 9D       		.byte	-99
 726 02b9 01       		.byte	1
 727 02ba 9F       		.byte	-97
 728 02bb 02       		.byte	2
 729 02bc A0       		.byte	-96
 730 02bd 80       		.byte	-128
 731 02be A4       		.byte	-92
 732 02bf 08       		.byte	8
 733 02c0 A5       		.byte	-91
 734 02c1 20       		.byte	32
 735 02c2 B3       		.byte	-77
 736 02c3 21       		.byte	33
 737 02c4 B4       		.byte	-76
 738 02c5 08       		.byte	8
 739 02c6 B5       		.byte	-75
 740 02c7 08       		.byte	8
 741 02c8 B7       		.byte	-73
ARM GAS  C:\Users\ktyang\AppData\Local\Temp\ccrAblWg.s 			page 14


 742 02c9 01       		.byte	1
 743 02ca C0       		.byte	-64
 744 02cb F5       		.byte	-11
 745 02cc C2       		.byte	-62
 746 02cd FE       		.byte	-2
 747 02ce C4       		.byte	-60
 748 02cf FA       		.byte	-6
 749 02d0 CA       		.byte	-54
 750 02d1 7C       		.byte	124
 751 02d2 CC       		.byte	-52
 752 02d3 A8       		.byte	-88
 753 02d4 CE       		.byte	-50
 754 02d5 72       		.byte	114
 755 02d6 D6       		.byte	-42
 756 02d7 20       		.byte	32
 757 02d8 05       		.byte	5
 758 02d9 01       		.byte	1
 759 02da 0D       		.byte	13
 760 02db 01       		.byte	1
 761 02dc 15       		.byte	21
 762 02dd 01       		.byte	1
 763 02de 31       		.byte	49
 764 02df 01       		.byte	1
 765 02e0 3B       		.byte	59
 766 02e1 08       		.byte	8
 767 02e2 40       		.byte	64
 768 02e3 01       		.byte	1
 769 02e4 45       		.byte	69
 770 02e5 40       		.byte	64
 771 02e6 49       		.byte	73
 772 02e7 FF       		.byte	-1
 773 02e8 4A       		.byte	74
 774 02e9 07       		.byte	7
 775 02ea 4B       		.byte	75
 776 02eb FF       		.byte	-1
 777 02ec 4C       		.byte	76
 778 02ed 40       		.byte	64
 779 02ee 4D       		.byte	77
 780 02ef 20       		.byte	32
 781 02f0 4E       		.byte	78
 782 02f1 F0       		.byte	-16
 783 02f2 4F       		.byte	79
 784 02f3 05       		.byte	5
 785 02f4 50       		.byte	80
 786 02f5 08       		.byte	8
 787 02f6 59       		.byte	89
 788 02f7 04       		.byte	4
 789 02f8 5A       		.byte	90
 790 02f9 04       		.byte	4
 791 02fa 5C       		.byte	92
 792 02fb 10       		.byte	16
 793 02fc 5D       		.byte	93
 794 02fd 01       		.byte	1
 795 02fe 5F       		.byte	95
 796 02ff 01       		.byte	1
 797 0300 60       		.byte	96
 798 0301 40       		.byte	64
ARM GAS  C:\Users\ktyang\AppData\Local\Temp\ccrAblWg.s 			page 15


 799 0302 61       		.byte	97
 800 0303 A8       		.byte	-88
 801 0304 62       		.byte	98
 802 0305 40       		.byte	64
 803 0306 63       		.byte	99
 804 0307 20       		.byte	32
 805 0308 05       		.byte	5
 806 0309 19       		.byte	25
 807 030a 06       		.byte	6
 808 030b 80       		.byte	-128
 809 030c 07       		.byte	7
 810 030d 01       		.byte	1
 811 030e 0E       		.byte	14
 812 030f 10       		.byte	16
 813 0310 0F       		.byte	15
 814 0311 45       		.byte	69
 815 0312 14       		.byte	20
 816 0313 02       		.byte	2
 817 0314 15       		.byte	21
 818 0315 84       		.byte	-124
 819 0316 17       		.byte	23
 820 0317 52       		.byte	82
 821 0318 1D       		.byte	29
 822 0319 94       		.byte	-108
 823 031a 1F       		.byte	31
 824 031b 01       		.byte	1
 825 031c 23       		.byte	35
 826 031d 70       		.byte	112
 827 031e 24       		.byte	36
 828 031f 02       		.byte	2
 829 0320 25       		.byte	37
 830 0321 08       		.byte	8
 831 0322 26       		.byte	38
 832 0323 22       		.byte	34
 833 0324 2C       		.byte	44
 834 0325 08       		.byte	8
 835 0326 2D       		.byte	45
 836 0327 04       		.byte	4
 837 0328 2E       		.byte	46
 838 0329 80       		.byte	-128
 839 032a 30       		.byte	48
 840 032b 09       		.byte	9
 841 032c 33       		.byte	51
 842 032d 01       		.byte	1
 843 032e 35       		.byte	53
 844 032f 08       		.byte	8
 845 0330 36       		.byte	54
 846 0331 02       		.byte	2
 847 0332 37       		.byte	55
 848 0333 60       		.byte	96
 849 0334 39       		.byte	57
 850 0335 44       		.byte	68
 851 0336 3E       		.byte	62
 852 0337 18       		.byte	24
 853 0338 3F       		.byte	63
 854 0339 80       		.byte	-128
 855 033a 40       		.byte	64
ARM GAS  C:\Users\ktyang\AppData\Local\Temp\ccrAblWg.s 			page 16


 856 033b 01       		.byte	1
 857 033c 45       		.byte	69
 858 033d A8       		.byte	-88
 859 033e 46       		.byte	70
 860 033f 28       		.byte	40
 861 0340 47       		.byte	71
 862 0341 12       		.byte	18
 863 0342 48       		.byte	72
 864 0343 80       		.byte	-128
 865 0344 4F       		.byte	79
 866 0345 54       		.byte	84
 867 0346 50       		.byte	80
 868 0347 04       		.byte	4
 869 0348 57       		.byte	87
 870 0349 40       		.byte	64
 871 034a 5E       		.byte	94
 872 034b 02       		.byte	2
 873 034c 66       		.byte	102
 874 034d 22       		.byte	34
 875 034e 67       		.byte	103
 876 034f 02       		.byte	2
 877 0350 82       		.byte	-126
 878 0351 02       		.byte	2
 879 0352 88       		.byte	-120
 880 0353 02       		.byte	2
 881 0354 8A       		.byte	-118
 882 0355 20       		.byte	32
 883 0356 8D       		.byte	-115
 884 0357 04       		.byte	4
 885 0358 8E       		.byte	-114
 886 0359 01       		.byte	1
 887 035a C0       		.byte	-64
 888 035b F0       		.byte	-16
 889 035c C2       		.byte	-62
 890 035d F0       		.byte	-16
 891 035e C4       		.byte	-60
 892 035f F0       		.byte	-16
 893 0360 CA       		.byte	-54
 894 0361 70       		.byte	112
 895 0362 CC       		.byte	-52
 896 0363 F2       		.byte	-14
 897 0364 CE       		.byte	-50
 898 0365 7A       		.byte	122
 899 0366 D0       		.byte	-48
 900 0367 B8       		.byte	-72
 901 0368 D2       		.byte	-46
 902 0369 30       		.byte	48
 903 036a D6       		.byte	-42
 904 036b 80       		.byte	-128
 905 036c D8       		.byte	-40
 906 036d B0       		.byte	-80
 907 036e 26       		.byte	38
 908 036f 01       		.byte	1
 909 0370 36       		.byte	54
 910 0371 01       		.byte	1
 911 0372 40       		.byte	64
 912 0373 30       		.byte	48
ARM GAS  C:\Users\ktyang\AppData\Local\Temp\ccrAblWg.s 			page 17


 913 0374 41       		.byte	65
 914 0375 02       		.byte	2
 915 0376 49       		.byte	73
 916 0377 FF       		.byte	-1
 917 0378 4A       		.byte	74
 918 0379 FF       		.byte	-1
 919 037a 4B       		.byte	75
 920 037b FF       		.byte	-1
 921 037c 4D       		.byte	77
 922 037d A0       		.byte	-96
 923 037e 4F       		.byte	79
 924 037f 04       		.byte	4
 925 0380 50       		.byte	80
 926 0381 18       		.byte	24
 927 0382 56       		.byte	86
 928 0383 08       		.byte	8
 929 0384 58       		.byte	88
 930 0385 04       		.byte	4
 931 0386 5A       		.byte	90
 932 0387 04       		.byte	4
 933 0388 5B       		.byte	91
 934 0389 04       		.byte	4
 935 038a 5D       		.byte	93
 936 038b 90       		.byte	-112
 937 038c 5F       		.byte	95
 938 038d 01       		.byte	1
 939 038e 60       		.byte	96
 940 038f 40       		.byte	64
 941 0390 62       		.byte	98
 942 0391 C0       		.byte	-64
 943 0392 64       		.byte	100
 944 0393 40       		.byte	64
 945 0394 65       		.byte	101
 946 0395 40       		.byte	64
 947 0396 66       		.byte	102
 948 0397 C0       		.byte	-64
 949 0398 68       		.byte	104
 950 0399 C0       		.byte	-64
 951 039a 6A       		.byte	106
 952 039b C0       		.byte	-64
 953 039c 6C       		.byte	108
 954 039d C0       		.byte	-64
 955 039e 6E       		.byte	110
 956 039f C0       		.byte	-64
 957 03a0 8B       		.byte	-117
 958 03a1 02       		.byte	2
 959 03a2 96       		.byte	-106
 960 03a3 02       		.byte	2
 961 03a4 9A       		.byte	-102
 962 03a5 02       		.byte	2
 963 03a6 A7       		.byte	-89
 964 03a7 01       		.byte	1
 965 03a8 AB       		.byte	-85
 966 03a9 02       		.byte	2
 967 03aa AD       		.byte	-83
 968 03ab 01       		.byte	1
 969 03ac AE       		.byte	-82
ARM GAS  C:\Users\ktyang\AppData\Local\Temp\ccrAblWg.s 			page 18


 970 03ad 01       		.byte	1
 971 03ae B0       		.byte	-80
 972 03af 02       		.byte	2
 973 03b0 B2       		.byte	-78
 974 03b1 01       		.byte	1
 975 03b2 B5       		.byte	-75
 976 03b3 02       		.byte	2
 977 03b4 B7       		.byte	-73
 978 03b5 01       		.byte	1
 979 03b6 BF       		.byte	-65
 980 03b7 10       		.byte	16
 981 03b8 C0       		.byte	-64
 982 03b9 30       		.byte	48
 983 03ba C1       		.byte	-63
 984 03bb 06       		.byte	6
 985 03bc C5       		.byte	-59
 986 03bd D1       		.byte	-47
 987 03be C6       		.byte	-58
 988 03bf 20       		.byte	32
 989 03c0 C8       		.byte	-56
 990 03c1 0B       		.byte	11
 991 03c2 C9       		.byte	-55
 992 03c3 FF       		.byte	-1
 993 03c4 CA       		.byte	-54
 994 03c5 FF       		.byte	-1
 995 03c6 CB       		.byte	-53
 996 03c7 FF       		.byte	-1
 997 03c8 CD       		.byte	-51
 998 03c9 AF       		.byte	-81
 999 03ca CE       		.byte	-50
 1000 03cb 0F       		.byte	15
 1001 03cc CF       		.byte	-49
 1002 03cd 04       		.byte	4
 1003 03ce D0       		.byte	-48
 1004 03cf 18       		.byte	24
 1005 03d0 D2       		.byte	-46
 1006 03d1 80       		.byte	-128
 1007 03d2 D4       		.byte	-44
 1008 03d3 05       		.byte	5
 1009 03d4 D8       		.byte	-40
 1010 03d5 04       		.byte	4
 1011 03d6 D9       		.byte	-39
 1012 03d7 04       		.byte	4
 1013 03d8 DA       		.byte	-38
 1014 03d9 04       		.byte	4
 1015 03da DB       		.byte	-37
 1016 03db 04       		.byte	4
 1017 03dc DF       		.byte	-33
 1018 03dd 01       		.byte	1
 1019 03de E0       		.byte	-32
 1020 03df 40       		.byte	64
 1021 03e0 E2       		.byte	-30
 1022 03e1 C0       		.byte	-64
 1023 03e2 E4       		.byte	-28
 1024 03e3 40       		.byte	64
 1025 03e4 E5       		.byte	-27
 1026 03e5 40       		.byte	64
ARM GAS  C:\Users\ktyang\AppData\Local\Temp\ccrAblWg.s 			page 19


 1027 03e6 E6       		.byte	-26
 1028 03e7 C0       		.byte	-64
 1029 03e8 E8       		.byte	-24
 1030 03e9 C0       		.byte	-64
 1031 03ea EA       		.byte	-22
 1032 03eb C0       		.byte	-64
 1033 03ec EC       		.byte	-20
 1034 03ed C0       		.byte	-64
 1035 03ee EE       		.byte	-18
 1036 03ef C0       		.byte	-64
 1037 03f0 0C       		.byte	12
 1038 03f1 20       		.byte	32
 1039 03f2 0D       		.byte	13
 1040 03f3 08       		.byte	8
 1041 03f4 10       		.byte	16
 1042 03f5 20       		.byte	32
 1043 03f6 17       		.byte	23
 1044 03f7 40       		.byte	64
 1045 03f8 19       		.byte	25
 1046 03f9 80       		.byte	-128
 1047 03fa 1C       		.byte	28
 1048 03fb 10       		.byte	16
 1049 03fc 1D       		.byte	29
 1050 03fd 09       		.byte	9
 1051 03fe 1F       		.byte	31
 1052 03ff 08       		.byte	8
 1053 0400 26       		.byte	38
 1054 0401 40       		.byte	64
 1055 0402 27       		.byte	39
 1056 0403 08       		.byte	8
 1057 0404 2C       		.byte	44
 1058 0405 20       		.byte	32
 1059 0406 2D       		.byte	45
 1060 0407 80       		.byte	-128
 1061 0408 2F       		.byte	47
 1062 0409 08       		.byte	8
 1063 040a 3F       		.byte	63
 1064 040b 20       		.byte	32
 1065 040c 40       		.byte	64
 1066 040d 10       		.byte	16
 1067 040e 41       		.byte	65
 1068 040f 20       		.byte	32
 1069 0410 45       		.byte	69
 1070 0411 08       		.byte	8
 1071 0412 4C       		.byte	76
 1072 0413 20       		.byte	32
 1073 0414 4D       		.byte	77
 1074 0415 01       		.byte	1
 1075 0416 4F       		.byte	79
 1076 0417 20       		.byte	32
 1077 0418 55       		.byte	85
 1078 0419 20       		.byte	32
 1079 041a 57       		.byte	87
 1080 041b 10       		.byte	16
 1081 041c 5A       		.byte	90
 1082 041d 40       		.byte	64
 1083 041e 5D       		.byte	93
ARM GAS  C:\Users\ktyang\AppData\Local\Temp\ccrAblWg.s 			page 20


 1084 041f 01       		.byte	1
 1085 0420 5E       		.byte	94
 1086 0421 80       		.byte	-128
 1087 0422 5F       		.byte	95
 1088 0423 08       		.byte	8
 1089 0424 60       		.byte	96
 1090 0425 02       		.byte	2
 1091 0426 77       		.byte	119
 1092 0427 40       		.byte	64
 1093 0428 88       		.byte	-120
 1094 0429 02       		.byte	2
 1095 042a 8D       		.byte	-115
 1096 042b 01       		.byte	1
 1097 042c 92       		.byte	-110
 1098 042d 40       		.byte	64
 1099 042e C2       		.byte	-62
 1100 042f 60       		.byte	96
 1101 0430 C4       		.byte	-60
 1102 0431 84       		.byte	-124
 1103 0432 CA       		.byte	-54
 1104 0433 70       		.byte	112
 1105 0434 CE       		.byte	-50
 1106 0435 20       		.byte	32
 1107 0436 D0       		.byte	-48
 1108 0437 46       		.byte	70
 1109 0438 D2       		.byte	-46
 1110 0439 20       		.byte	32
 1111 043a D6       		.byte	-42
 1112 043b D8       		.byte	-40
 1113 043c D8       		.byte	-40
 1114 043d 08       		.byte	8
 1115 043e E6       		.byte	-26
 1116 043f 40       		.byte	64
 1117 0440 82       		.byte	-126
 1118 0441 40       		.byte	64
 1119 0442 97       		.byte	-105
 1120 0443 20       		.byte	32
 1121 0444 8B       		.byte	-117
 1122 0445 10       		.byte	16
 1123 0446 97       		.byte	-105
 1124 0447 20       		.byte	32
 1125 0448 E0       		.byte	-32
 1126 0449 20       		.byte	32
 1127 044a 33       		.byte	51
 1128 044b 80       		.byte	-128
 1129 044c 5B       		.byte	91
 1130 044d 40       		.byte	64
 1131 044e 83       		.byte	-125
 1132 044f 80       		.byte	-128
 1133 0450 CC       		.byte	-52
 1134 0451 10       		.byte	16
 1135 0452 D4       		.byte	-44
 1136 0453 80       		.byte	-128
 1137 0454 E6       		.byte	-26
 1138 0455 20       		.byte	32
 1139 0456 9F       		.byte	-97
 1140 0457 40       		.byte	64
ARM GAS  C:\Users\ktyang\AppData\Local\Temp\ccrAblWg.s 			page 21


 1141 0458 11       		.byte	17
 1142 0459 08       		.byte	8
 1143 045a 5A       		.byte	90
 1144 045b 01       		.byte	1
 1145 045c B7       		.byte	-73
 1146 045d 40       		.byte	64
 1147 045e C4       		.byte	-60
 1148 045f 10       		.byte	16
 1149 0460 D6       		.byte	-42
 1150 0461 40       		.byte	64
 1151 0462 A1       		.byte	-95
 1152 0463 04       		.byte	4
 1153 0464 B2       		.byte	-78
 1154 0465 01       		.byte	1
 1155 0466 01       		.byte	1
 1156 0467 02       		.byte	2
 1157 0468 5C       		.byte	92
 1158 0469 02       		.byte	2
 1159 046a C0       		.byte	-64
 1160 046b 08       		.byte	8
 1161 046c D6       		.byte	-42
 1162 046d 01       		.byte	1
 1163 046e 9C       		.byte	-100
 1164 046f 02       		.byte	2
 1165 0470 B5       		.byte	-75
 1166 0471 02       		.byte	2
 1167 0472 EA       		.byte	-22
 1168 0473 02       		.byte	2
 1169 0474 9C       		.byte	-100
 1170 0475 02       		.byte	2
 1171 0476 B0       		.byte	-80
 1172 0477 02       		.byte	2
 1173 0478 E8       		.byte	-24
 1174 0479 04       		.byte	4
 1175 047a 81       		.byte	-127
 1176 047b 04       		.byte	4
 1177 047c A1       		.byte	-95
 1178 047d 04       		.byte	4
 1179 047e E0       		.byte	-32
 1180 047f 20       		.byte	32
 1181 0480 56       		.byte	86
 1182 0481 20       		.byte	32
 1183 0482 8E       		.byte	-114
 1184 0483 20       		.byte	32
 1185 0484 D4       		.byte	-44
 1186 0485 40       		.byte	64
 1187 0486 00       		.byte	0
 1188 0487 02       		.byte	2
 1189 0488 01       		.byte	1
 1190 0489 01       		.byte	1
 1191 048a 0C       		.byte	12
 1192 048b 02       		.byte	2
 1193 048c 0D       		.byte	13
 1194 048d 01       		.byte	1
 1195 048e 0E       		.byte	14
 1196 048f 02       		.byte	2
 1197 0490 10       		.byte	16
ARM GAS  C:\Users\ktyang\AppData\Local\Temp\ccrAblWg.s 			page 22


 1198 0491 01       		.byte	1
 1199 0492 11       		.byte	17
 1200 0493 01       		.byte	1
 1201 0494 1A       		.byte	26
 1202 0495 01       		.byte	1
 1203 0496 1B       		.byte	27
 1204 0497 01       		.byte	1
 1205 0498 00       		.byte	0
 1206 0499 03       		.byte	3
 1207 049a 00       		.byte	0
 1208 049b 00       		.byte	0
 1209 049c 00       		.byte	0
 1210 049d 00       		.byte	0
 1211 049e C0       		.byte	-64
 1212 049f 00       		.byte	0
 1213 04a0 50       		.byte	80
 1214 04a1 01       		.byte	1
 1215 04a2 0C       		.byte	12
 1216 04a3 00       		.byte	0
 1217 04a4 C8       		.byte	-56
 1218 04a5 00       		.byte	0
 1219 04a6 32       		.byte	50
 1220 04a7 01       		.byte	1
 1221 04a8 C0       		.byte	-64
 1222 04a9 00       		.byte	0
 1223 04aa 00       		.byte	0
 1224 04ab 04       		.byte	4
 1225 04ac 00       		.byte	0
 1226 04ad 00       		.byte	0
 1227 04ae C0       		.byte	-64
 1228 04af 04       		.byte	4
 1229 04b0 00       		.byte	0
 1230 04b1 08       		.byte	8
 1231 04b2 C0       		.byte	-64
 1232 04b3 12       		.byte	18
 1233 04b4 00       		.byte	0
 1234 04b5 01       		.byte	1
 1235 04b6 01       		.byte	1
 1236 04b7 00       		.byte	0
 1237 04b8 38       		.byte	56
 1238 04b9 10       		.byte	16
 1239 04ba 00       		.byte	0
 1240 04bb 08       		.byte	8
 1241 04bc 00       		.byte	0
 1242 04bd 00       		.byte	0
 1243 04be 01       		.byte	1
 1244 04bf 00       		.byte	0
 1245 04c0 38       		.byte	56
 1246 04c1 18       		.byte	24
 1247 04c2 00       		.byte	0
 1248 04c3 00       		.byte	0
 1249 04c4 C0       		.byte	-64
 1250 04c5 18       		.byte	24
 1251 04c6 00       		.byte	0
 1252 04c7 00       		.byte	0
 1253 04c8 A0       		.byte	-96
 1254 04c9 00       		.byte	0
ARM GAS  C:\Users\ktyang\AppData\Local\Temp\ccrAblWg.s 			page 23


 1255 04ca 0C       		.byte	12
 1256 04cb 01       		.byte	1
 1257 04cc 01       		.byte	1
 1258 04cd 01       		.byte	1
 1259 04ce C0       		.byte	-64
 1260 04cf 04       		.byte	4
 1261 04d0 38       		.byte	56
 1262 04d1 18       		.byte	24
 1263 04d2 06       		.byte	6
 1264 04d3 02       		.byte	2
 1265 04d4 00       		.byte	0
 1266 04d5 02       		.byte	2
 1267 04d6 00       		.byte	0
 1268 04d7 00       		.byte	0
 1269 04d8 00       		.byte	0
 1270 04d9 00       		.byte	0
 1271 04da 41       		.byte	65
 1272 04db 04       		.byte	4
 1273 04dc 25       		.byte	37
 1274 04dd 06       		.byte	6
 1275 04de 04       		.byte	4
 1276 04df 00       		.byte	0
 1277 04e0 01       		.byte	1
 1278 04e1 0C       		.byte	12
 1279 04e2 0E       		.byte	14
 1280 04e3 00       		.byte	0
 1281 04e4 05       		.byte	5
 1282 04e5 FF       		.byte	-1
 1283 04e6 FF       		.byte	-1
 1284 04e7 FF       		.byte	-1
 1285 04e8 62       		.byte	98
 1286 04e9 A0       		.byte	-96
 1287 04ea F0       		.byte	-16
 1288 04eb 41       		.byte	65
 1289 04ec 0C       		.byte	12
 1290 04ed 00       		.byte	0
 1291 04ee 00       		.byte	0
 1292 04ef 00       		.byte	0
 1293 04f0 18       		.byte	24
 1294 04f1 00       		.byte	0
 1295 04f2 04       		.byte	4
 1296 04f3 00       		.byte	0
 1297 04f4 04       		.byte	4
 1298 04f5 04       		.byte	4
 1299 04f6 04       		.byte	4
 1300 04f7 04       		.byte	4
 1301 04f8 11       		.byte	17
 1302 04f9 11       		.byte	17
 1303 04fa 00       		.byte	0
 1304 04fb 01       		.byte	1
 1305 04fc 00       		.byte	0
 1306 04fd 00       		.byte	0
 1307 04fe 00       		.byte	0
 1308 04ff 00       		.byte	0
 1309 0500 00       		.byte	0
 1310 0501 00       		.byte	0
 1311 0502 40       		.byte	64
ARM GAS  C:\Users\ktyang\AppData\Local\Temp\ccrAblWg.s 			page 24


 1312 0503 02       		.byte	2
 1313 0504 00       		.byte	0
 1314 0505 10       		.byte	16
 1315 0506 30       		.byte	48
 1316 0507 10       		.byte	16
 1317 0508 00       		.byte	0
 1318 0509 10       		.byte	16
 1319 050a 10       		.byte	16
 1320 050b 12       		.byte	18
 1321 050c 00       		.byte	0
 1322 050d 00       		.byte	0
 1323 050e 00       		.byte	0
 1324 050f 00       		.byte	0
 1325 0510 00       		.byte	0
 1326 0511 00       		.byte	0
 1327 0512 00       		.byte	0
 1328 0513 00       		.byte	0
 1329 0514 00       		.byte	0
 1330 0515 00       		.byte	0
 1331 0516 00       		.byte	0
 1332 0517 00       		.byte	0
 1333 0518 00       		.byte	0
 1334 0519 00       		.byte	0
 1335 051a 00       		.byte	0
 1336 051b 00       		.byte	0
 1337 051c 00       		.byte	0
 1338 051d 0B       		.byte	11
 1339 051e 0B       		.byte	11
 1340 051f 00       		.byte	0
 1341 0520 00       		.byte	0
 1342 0521 00       		.byte	0
 1343 0522 00       		.byte	0
 1344 0523 00       		.byte	0
 1345 0524 00       		.byte	0
 1346 0525 02       		.byte	2
 1347 0526 02       		.byte	2
 1348 0527 00       		.byte	0
 1349 0528 02       		.byte	2
 1350 0529 00       		.byte	0
 1351 052a 00       		.byte	0
 1352 052b 00       		.byte	0
 1353 052c 00       		.byte	0
 1354 052d 02       		.byte	2
 1355 052e 02       		.byte	2
 1356 052f 00       		.byte	0
 1357 0530 02       		.byte	2
 1358 0531 00       		.byte	0
 1359 0532 00       		.byte	0
 1360 0533 00       		.byte	0
 1361 0534 40       		.byte	64
 1362 0535 00       		.byte	0
 1363 0536 01       		.byte	1
 1364 0537 40       		.byte	64
 1365 0538 40       		.byte	64
 1366 0539 00       		.byte	0
 1367 053a 40       		.byte	64
 1368 053b 00       		.byte	0
ARM GAS  C:\Users\ktyang\AppData\Local\Temp\ccrAblWg.s 			page 25


 1369 053c 00       		.byte	0
 1370 053d 00       		.byte	0
 1371 053e 00       		.byte	0
 1372 053f 00       		.byte	0
 1373              		.section	.cywolatch,"a",%progbits
 1374              		.align	2
 1375              		.type	cy_meta_wonvl, %object
 1376              		.size	cy_meta_wonvl, 4
 1377              	cy_meta_wonvl:
 1378 0000 BC       		.byte	-68
 1379 0001 90       		.byte	-112
 1380 0002 AC       		.byte	-84
 1381 0003 AF       		.byte	-81
 1382              		.section	.cycustnvl,"a",%progbits
 1383              		.align	2
 1384              		.type	cy_meta_custnvl, %object
 1385              		.size	cy_meta_custnvl, 4
 1386              	cy_meta_custnvl:
 1387 0000 00       		.byte	0
 1388 0001 00       		.byte	0
 1389 0002 40       		.byte	64
 1390 0003 05       		.byte	5
 1391              		.section	.cymeta,"a",%progbits
 1392              		.align	2
 1393              		.type	cy_metadata, %object
 1394              		.size	cy_metadata, 12
 1395              	cy_metadata:
 1396 0000 00       		.byte	0
 1397 0001 01       		.byte	1
 1398 0002 2E       		.byte	46
 1399 0003 12       		.byte	18
 1400 0004 30       		.byte	48
 1401 0005 69       		.byte	105
 1402 0006 00       		.byte	0
 1403 0007 01       		.byte	1
 1404 0008 00       		.byte	0
 1405 0009 00       		.byte	0
 1406 000a 00       		.byte	0
 1407 000b 00       		.byte	0
 1408              		.section	.cyflashprotect,"a",%progbits
 1409              		.align	2
 1410              		.type	cy_meta_flashprotect, %object
 1411              		.size	cy_meta_flashprotect, 256
 1412              	cy_meta_flashprotect:
 1413 0000 00000000 		.space	256
 1413      00000000 
 1413      00000000 
 1413      00000000 
 1413      00000000 
 1414              		.text
 1415              	.Letext0:
 1416              		.file 1 "c:\\program files (x86)\\cypress\\psoc creator\\4.2\\psoc creator\\import\\gnu\\arm\\5.4.
 1417              		.file 2 "c:\\program files (x86)\\cypress\\psoc creator\\4.2\\psoc creator\\import\\gnu\\arm\\5.4.
 1418              		.file 3 "Generated_Source\\PSoC5\\cymetadata.c"
 1419              		.section	.debug_info,"",%progbits
 1420              	.Ldebug_info0:
 1421 0000 32010000 		.4byte	0x132
ARM GAS  C:\Users\ktyang\AppData\Local\Temp\ccrAblWg.s 			page 26


 1422 0004 0400     		.2byte	0x4
 1423 0006 00000000 		.4byte	.Ldebug_abbrev0
 1424 000a 04       		.byte	0x4
 1425 000b 01       		.uleb128 0x1
 1426 000c 5F000000 		.4byte	.LASF17
 1427 0010 0C       		.byte	0xc
 1428 0011 B9010000 		.4byte	.LASF18
 1429 0015 0A000000 		.4byte	.LASF19
 1430 0019 00000000 		.4byte	.Ldebug_line0
 1431 001d 02       		.uleb128 0x2
 1432 001e 01       		.byte	0x1
 1433 001f 06       		.byte	0x6
 1434 0020 AD010000 		.4byte	.LASF0
 1435 0024 03       		.uleb128 0x3
 1436 0025 00000000 		.4byte	.LASF9
 1437 0029 01       		.byte	0x1
 1438 002a 1D       		.byte	0x1d
 1439 002b 2F000000 		.4byte	0x2f
 1440 002f 02       		.uleb128 0x2
 1441 0030 01       		.byte	0x1
 1442 0031 08       		.byte	0x8
 1443 0032 51000000 		.4byte	.LASF1
 1444 0036 02       		.uleb128 0x2
 1445 0037 02       		.byte	0x2
 1446 0038 05       		.byte	0x5
 1447 0039 9A010000 		.4byte	.LASF2
 1448 003d 02       		.uleb128 0x2
 1449 003e 02       		.byte	0x2
 1450 003f 07       		.byte	0x7
 1451 0040 FF000000 		.4byte	.LASF3
 1452 0044 02       		.uleb128 0x2
 1453 0045 04       		.byte	0x4
 1454 0046 05       		.byte	0x5
 1455 0047 A4010000 		.4byte	.LASF4
 1456 004b 02       		.uleb128 0x2
 1457 004c 04       		.byte	0x4
 1458 004d 07       		.byte	0x7
 1459 004e ED000000 		.4byte	.LASF5
 1460 0052 02       		.uleb128 0x2
 1461 0053 08       		.byte	0x8
 1462 0054 05       		.byte	0x5
 1463 0055 8C010000 		.4byte	.LASF6
 1464 0059 02       		.uleb128 0x2
 1465 005a 08       		.byte	0x8
 1466 005b 07       		.byte	0x7
 1467 005c 41010000 		.4byte	.LASF7
 1468 0060 04       		.uleb128 0x4
 1469 0061 04       		.byte	0x4
 1470 0062 05       		.byte	0x5
 1471 0063 696E7400 		.ascii	"int\000"
 1472 0067 02       		.uleb128 0x2
 1473 0068 04       		.byte	0x4
 1474 0069 07       		.byte	0x7
 1475 006a 34010000 		.4byte	.LASF8
 1476 006e 03       		.uleb128 0x3
 1477 006f 58010000 		.4byte	.LASF10
 1478 0073 02       		.byte	0x2
ARM GAS  C:\Users\ktyang\AppData\Local\Temp\ccrAblWg.s 			page 27


 1479 0074 18       		.byte	0x18
 1480 0075 24000000 		.4byte	0x24
 1481 0079 05       		.uleb128 0x5
 1482 007a 91000000 		.4byte	0x91
 1483 007e 8A000000 		.4byte	0x8a
 1484 0082 06       		.uleb128 0x6
 1485 0083 8A000000 		.4byte	0x8a
 1486 0087 3F05     		.2byte	0x53f
 1487 0089 00       		.byte	0
 1488 008a 02       		.uleb128 0x2
 1489 008b 04       		.byte	0x4
 1490 008c 07       		.byte	0x7
 1491 008d 83010000 		.4byte	.LASF11
 1492 0091 07       		.uleb128 0x7
 1493 0092 6E000000 		.4byte	0x6e
 1494 0096 08       		.uleb128 0x8
 1495 0097 22010000 		.4byte	.LASF12
 1496 009b 03       		.byte	0x3
 1497 009c 1F       		.byte	0x1f
 1498 009d A7000000 		.4byte	0xa7
 1499 00a1 05       		.uleb128 0x5
 1500 00a2 03       		.byte	0x3
 1501 00a3 00000000 		.4byte	cy_meta_configecc
 1502 00a7 07       		.uleb128 0x7
 1503 00a8 79000000 		.4byte	0x79
 1504 00ac 05       		.uleb128 0x5
 1505 00ad 91000000 		.4byte	0x91
 1506 00b1 BC000000 		.4byte	0xbc
 1507 00b5 09       		.uleb128 0x9
 1508 00b6 8A000000 		.4byte	0x8a
 1509 00ba 03       		.byte	0x3
 1510 00bb 00       		.byte	0
 1511 00bc 08       		.uleb128 0x8
 1512 00bd 12010000 		.4byte	.LASF13
 1513 00c1 03       		.byte	0x3
 1514 00c2 D4       		.byte	0xd4
 1515 00c3 CD000000 		.4byte	0xcd
 1516 00c7 05       		.uleb128 0x5
 1517 00c8 03       		.byte	0x3
 1518 00c9 00000000 		.4byte	cy_meta_custnvl
 1519 00cd 07       		.uleb128 0x7
 1520 00ce AC000000 		.4byte	0xac
 1521 00d2 08       		.uleb128 0x8
 1522 00d3 75010000 		.4byte	.LASF14
 1523 00d7 03       		.byte	0x3
 1524 00d8 E2       		.byte	0xe2
 1525 00d9 E3000000 		.4byte	0xe3
 1526 00dd 05       		.uleb128 0x5
 1527 00de 03       		.byte	0x3
 1528 00df 00000000 		.4byte	cy_meta_wonvl
 1529 00e3 07       		.uleb128 0x7
 1530 00e4 AC000000 		.4byte	0xac
 1531 00e8 05       		.uleb128 0x5
 1532 00e9 91000000 		.4byte	0x91
 1533 00ed F8000000 		.4byte	0xf8
 1534 00f1 09       		.uleb128 0x9
 1535 00f2 8A000000 		.4byte	0x8a
ARM GAS  C:\Users\ktyang\AppData\Local\Temp\ccrAblWg.s 			page 28


 1536 00f6 FF       		.byte	0xff
 1537 00f7 00       		.byte	0
 1538 00f8 08       		.uleb128 0x8
 1539 00f9 60010000 		.4byte	.LASF15
 1540 00fd 03       		.byte	0x3
 1541 00fe F0       		.byte	0xf0
 1542 00ff 09010000 		.4byte	0x109
 1543 0103 05       		.uleb128 0x5
 1544 0104 03       		.byte	0x3
 1545 0105 00000000 		.4byte	cy_meta_flashprotect
 1546 0109 07       		.uleb128 0x7
 1547 010a E8000000 		.4byte	0xe8
 1548 010e 05       		.uleb128 0x5
 1549 010f 91000000 		.4byte	0x91
 1550 0113 1E010000 		.4byte	0x11e
 1551 0117 09       		.uleb128 0x9
 1552 0118 8A000000 		.4byte	0x8a
 1553 011c 0B       		.byte	0xb
 1554 011d 00       		.byte	0
 1555 011e 0A       		.uleb128 0xa
 1556 011f 45000000 		.4byte	.LASF16
 1557 0123 03       		.byte	0x3
 1558 0124 1D01     		.2byte	0x11d
 1559 0126 30010000 		.4byte	0x130
 1560 012a 05       		.uleb128 0x5
 1561 012b 03       		.byte	0x3
 1562 012c 00000000 		.4byte	cy_metadata
 1563 0130 07       		.uleb128 0x7
 1564 0131 0E010000 		.4byte	0x10e
 1565 0135 00       		.byte	0
 1566              		.section	.debug_abbrev,"",%progbits
 1567              	.Ldebug_abbrev0:
 1568 0000 01       		.uleb128 0x1
 1569 0001 11       		.uleb128 0x11
 1570 0002 01       		.byte	0x1
 1571 0003 25       		.uleb128 0x25
 1572 0004 0E       		.uleb128 0xe
 1573 0005 13       		.uleb128 0x13
 1574 0006 0B       		.uleb128 0xb
 1575 0007 03       		.uleb128 0x3
 1576 0008 0E       		.uleb128 0xe
 1577 0009 1B       		.uleb128 0x1b
 1578 000a 0E       		.uleb128 0xe
 1579 000b 10       		.uleb128 0x10
 1580 000c 17       		.uleb128 0x17
 1581 000d 00       		.byte	0
 1582 000e 00       		.byte	0
 1583 000f 02       		.uleb128 0x2
 1584 0010 24       		.uleb128 0x24
 1585 0011 00       		.byte	0
 1586 0012 0B       		.uleb128 0xb
 1587 0013 0B       		.uleb128 0xb
 1588 0014 3E       		.uleb128 0x3e
 1589 0015 0B       		.uleb128 0xb
 1590 0016 03       		.uleb128 0x3
 1591 0017 0E       		.uleb128 0xe
 1592 0018 00       		.byte	0
ARM GAS  C:\Users\ktyang\AppData\Local\Temp\ccrAblWg.s 			page 29


 1593 0019 00       		.byte	0
 1594 001a 03       		.uleb128 0x3
 1595 001b 16       		.uleb128 0x16
 1596 001c 00       		.byte	0
 1597 001d 03       		.uleb128 0x3
 1598 001e 0E       		.uleb128 0xe
 1599 001f 3A       		.uleb128 0x3a
 1600 0020 0B       		.uleb128 0xb
 1601 0021 3B       		.uleb128 0x3b
 1602 0022 0B       		.uleb128 0xb
 1603 0023 49       		.uleb128 0x49
 1604 0024 13       		.uleb128 0x13
 1605 0025 00       		.byte	0
 1606 0026 00       		.byte	0
 1607 0027 04       		.uleb128 0x4
 1608 0028 24       		.uleb128 0x24
 1609 0029 00       		.byte	0
 1610 002a 0B       		.uleb128 0xb
 1611 002b 0B       		.uleb128 0xb
 1612 002c 3E       		.uleb128 0x3e
 1613 002d 0B       		.uleb128 0xb
 1614 002e 03       		.uleb128 0x3
 1615 002f 08       		.uleb128 0x8
 1616 0030 00       		.byte	0
 1617 0031 00       		.byte	0
 1618 0032 05       		.uleb128 0x5
 1619 0033 01       		.uleb128 0x1
 1620 0034 01       		.byte	0x1
 1621 0035 49       		.uleb128 0x49
 1622 0036 13       		.uleb128 0x13
 1623 0037 01       		.uleb128 0x1
 1624 0038 13       		.uleb128 0x13
 1625 0039 00       		.byte	0
 1626 003a 00       		.byte	0
 1627 003b 06       		.uleb128 0x6
 1628 003c 21       		.uleb128 0x21
 1629 003d 00       		.byte	0
 1630 003e 49       		.uleb128 0x49
 1631 003f 13       		.uleb128 0x13
 1632 0040 2F       		.uleb128 0x2f
 1633 0041 05       		.uleb128 0x5
 1634 0042 00       		.byte	0
 1635 0043 00       		.byte	0
 1636 0044 07       		.uleb128 0x7
 1637 0045 26       		.uleb128 0x26
 1638 0046 00       		.byte	0
 1639 0047 49       		.uleb128 0x49
 1640 0048 13       		.uleb128 0x13
 1641 0049 00       		.byte	0
 1642 004a 00       		.byte	0
 1643 004b 08       		.uleb128 0x8
 1644 004c 34       		.uleb128 0x34
 1645 004d 00       		.byte	0
 1646 004e 03       		.uleb128 0x3
 1647 004f 0E       		.uleb128 0xe
 1648 0050 3A       		.uleb128 0x3a
 1649 0051 0B       		.uleb128 0xb
ARM GAS  C:\Users\ktyang\AppData\Local\Temp\ccrAblWg.s 			page 30


 1650 0052 3B       		.uleb128 0x3b
 1651 0053 0B       		.uleb128 0xb
 1652 0054 49       		.uleb128 0x49
 1653 0055 13       		.uleb128 0x13
 1654 0056 3F       		.uleb128 0x3f
 1655 0057 19       		.uleb128 0x19
 1656 0058 02       		.uleb128 0x2
 1657 0059 18       		.uleb128 0x18
 1658 005a 00       		.byte	0
 1659 005b 00       		.byte	0
 1660 005c 09       		.uleb128 0x9
 1661 005d 21       		.uleb128 0x21
 1662 005e 00       		.byte	0
 1663 005f 49       		.uleb128 0x49
 1664 0060 13       		.uleb128 0x13
 1665 0061 2F       		.uleb128 0x2f
 1666 0062 0B       		.uleb128 0xb
 1667 0063 00       		.byte	0
 1668 0064 00       		.byte	0
 1669 0065 0A       		.uleb128 0xa
 1670 0066 34       		.uleb128 0x34
 1671 0067 00       		.byte	0
 1672 0068 03       		.uleb128 0x3
 1673 0069 0E       		.uleb128 0xe
 1674 006a 3A       		.uleb128 0x3a
 1675 006b 0B       		.uleb128 0xb
 1676 006c 3B       		.uleb128 0x3b
 1677 006d 05       		.uleb128 0x5
 1678 006e 49       		.uleb128 0x49
 1679 006f 13       		.uleb128 0x13
 1680 0070 3F       		.uleb128 0x3f
 1681 0071 19       		.uleb128 0x19
 1682 0072 02       		.uleb128 0x2
 1683 0073 18       		.uleb128 0x18
 1684 0074 00       		.byte	0
 1685 0075 00       		.byte	0
 1686 0076 00       		.byte	0
 1687              		.section	.debug_aranges,"",%progbits
 1688 0000 14000000 		.4byte	0x14
 1689 0004 0200     		.2byte	0x2
 1690 0006 00000000 		.4byte	.Ldebug_info0
 1691 000a 04       		.byte	0x4
 1692 000b 00       		.byte	0
 1693 000c 0000     		.2byte	0
 1694 000e 0000     		.2byte	0
 1695 0010 00000000 		.4byte	0
 1696 0014 00000000 		.4byte	0
 1697              		.section	.debug_line,"",%progbits
 1698              	.Ldebug_line0:
 1699 0000 3D010000 		.section	.debug_str,"MS",%progbits,1
 1699      02003701 
 1699      00000201 
 1699      FB0E0D00 
 1699      01010101 
 1700              	.LASF9:
 1701 0000 5F5F7569 		.ascii	"__uint8_t\000"
 1701      6E74385F 
ARM GAS  C:\Users\ktyang\AppData\Local\Temp\ccrAblWg.s 			page 31


 1701      7400
 1702              	.LASF19:
 1703 000a 5C5C4669 		.ascii	"\\\\Files\\ktyang\\PSoC Creator\\Workspace02\\Final"
 1703      6C65735C 
 1703      6B747961 
 1703      6E675C50 
 1703      536F4320 
 1704 0037 50726F6A 		.ascii	"Project.cydsn\000"
 1704      6563742E 
 1704      63796473 
 1704      6E00
 1705              	.LASF16:
 1706 0045 63795F6D 		.ascii	"cy_metadata\000"
 1706      65746164 
 1706      61746100 
 1707              	.LASF1:
 1708 0051 756E7369 		.ascii	"unsigned char\000"
 1708      676E6564 
 1708      20636861 
 1708      7200
 1709              	.LASF17:
 1710 005f 474E5520 		.ascii	"GNU C11 5.4.1 20160609 (release) [ARM/embedded-5-br"
 1710      43313120 
 1710      352E342E 
 1710      31203230 
 1710      31363036 
 1711 0092 616E6368 		.ascii	"anch revision 237715] -mcpu=cortex-m3 -mthumb -g -O"
 1711      20726576 
 1711      6973696F 
 1711      6E203233 
 1711      37373135 
 1712 00c5 67202D66 		.ascii	"g -ffunction-sections -ffat-lto-objects\000"
 1712      66756E63 
 1712      74696F6E 
 1712      2D736563 
 1712      74696F6E 
 1713              	.LASF5:
 1714 00ed 6C6F6E67 		.ascii	"long unsigned int\000"
 1714      20756E73 
 1714      69676E65 
 1714      6420696E 
 1714      7400
 1715              	.LASF3:
 1716 00ff 73686F72 		.ascii	"short unsigned int\000"
 1716      7420756E 
 1716      7369676E 
 1716      65642069 
 1716      6E7400
 1717              	.LASF13:
 1718 0112 63795F6D 		.ascii	"cy_meta_custnvl\000"
 1718      6574615F 
 1718      63757374 
 1718      6E766C00 
 1719              	.LASF12:
 1720 0122 63795F6D 		.ascii	"cy_meta_configecc\000"
 1720      6574615F 
 1720      636F6E66 
ARM GAS  C:\Users\ktyang\AppData\Local\Temp\ccrAblWg.s 			page 32


 1720      69676563 
 1720      6300
 1721              	.LASF8:
 1722 0134 756E7369 		.ascii	"unsigned int\000"
 1722      676E6564 
 1722      20696E74 
 1722      00
 1723              	.LASF7:
 1724 0141 6C6F6E67 		.ascii	"long long unsigned int\000"
 1724      206C6F6E 
 1724      6720756E 
 1724      7369676E 
 1724      65642069 
 1725              	.LASF10:
 1726 0158 75696E74 		.ascii	"uint8_t\000"
 1726      385F7400 
 1727              	.LASF15:
 1728 0160 63795F6D 		.ascii	"cy_meta_flashprotect\000"
 1728      6574615F 
 1728      666C6173 
 1728      6870726F 
 1728      74656374 
 1729              	.LASF14:
 1730 0175 63795F6D 		.ascii	"cy_meta_wonvl\000"
 1730      6574615F 
 1730      776F6E76 
 1730      6C00
 1731              	.LASF11:
 1732 0183 73697A65 		.ascii	"sizetype\000"
 1732      74797065 
 1732      00
 1733              	.LASF6:
 1734 018c 6C6F6E67 		.ascii	"long long int\000"
 1734      206C6F6E 
 1734      6720696E 
 1734      7400
 1735              	.LASF2:
 1736 019a 73686F72 		.ascii	"short int\000"
 1736      7420696E 
 1736      7400
 1737              	.LASF4:
 1738 01a4 6C6F6E67 		.ascii	"long int\000"
 1738      20696E74 
 1738      00
 1739              	.LASF0:
 1740 01ad 7369676E 		.ascii	"signed char\000"
 1740      65642063 
 1740      68617200 
 1741              	.LASF18:
 1742 01b9 47656E65 		.ascii	"Generated_Source\\PSoC5\\cymetadata.c\000"
 1742      72617465 
 1742      645F536F 
 1742      75726365 
 1742      5C50536F 
 1743              		.ident	"GCC: (GNU Tools for ARM Embedded Processors) 5.4.1 20160609 (release) [ARM/embedded-5-bran
